<?xml version="1.0" encoding="UTF-8"?>
<!-- Generated by org.testng.reporters.JUnitXMLReporter -->
<testsuite ignored="5" hostname="DESKTOP-6PRSILR" failures="0" tests="1" name="Default test" time="10.882" errors="0" timestamp="07 May 2021 03:11:09 GMT">
  <testcase classname="Webdriver_basics.Cross_Browser_Testing" name="Chrome_Driver_Headless" time="10.814"/>
  <testcase classname="Webdriver_basics.Cross_Browser_Testing" name="Internet_Explorer" time="0.0">
    <ignored/>
  </testcase> <!-- Internet_Explorer -->
  <testcase classname="Webdriver_basics.Cross_Browser_Testing" name="Chrome_Driver" time="0.0">
    <ignored/>
  </testcase> <!-- Chrome_Driver -->
  <testcase classname="Webdriver_basics.Cross_Browser_Testing" name="Firefox_Driver" time="0.0">
    <ignored/>
  </testcase> <!-- Firefox_Driver -->
  <testcase classname="Webdriver_basics.Cross_Browser_Testing" name="Firefox_Driver_Headless" time="0.0">
    <ignored/>
  </testcase> <!-- Firefox_Driver_Headless -->
  <testcase classname="Webdriver_basics.Cross_Browser_Testing" name="Phantomjs" time="0.0">
    <ignored/>
  </testcase> <!-- Phantomjs -->
</testsuite> <!-- Default test -->
