<?xml version="1.0" encoding="UTF-8"?>
<testng-results ignored="0" total="1" passed="1" failed="0" skipped="0">
  <reporter-output>
  </reporter-output>
  <suite started-at="2021-05-29T08:55:36Z" name="First Suite" finished-at="2021-05-29T08:55:58Z" duration-ms="21415">
    <groups>
    </groups>
    <test started-at="2021-05-29T08:55:36Z" name="example tests" finished-at="2021-05-29T08:55:58Z" duration-ms="21415">
      <class name="com.example.tests.UntitledTestCase">
        <test-method is-config="true" signature="setUp()[pri:0, instance:com.example.tests.UntitledTestCase@3a93b025]" started-at="2021-05-29T08:55:36Z" name="setUp" finished-at="2021-05-29T08:55:41Z" duration-ms="5073" status="PASS">
          <reporter-output>
          </reporter-output>
        </test-method> <!-- setUp -->
        <test-method signature="testUntitledTestCase()[pri:0, instance:com.example.tests.UntitledTestCase@3a93b025]" started-at="2021-05-29T08:55:41Z" name="testUntitledTestCase" finished-at="2021-05-29T08:55:55Z" duration-ms="14013" status="PASS">
          <reporter-output>
          </reporter-output>
        </test-method> <!-- testUntitledTestCase -->
        <test-method is-config="true" signature="tearDown()[pri:0, instance:com.example.tests.UntitledTestCase@3a93b025]" started-at="2021-05-29T08:55:55Z" name="tearDown" finished-at="2021-05-29T08:55:58Z" duration-ms="2263" status="PASS">
          <reporter-output>
          </reporter-output>
        </test-method> <!-- tearDown -->
      </class> <!-- com.example.tests.UntitledTestCase -->
    </test> <!-- example tests -->
  </suite> <!-- First Suite -->
</testng-results>
